<?xml version="1.0" encoding="UTF-8"?>
<!-- Generated by org.testng.reporters.JUnitReportReporter -->
<testsuite hostname="LAPTOP-PVH5LLQI" failures="0" tests="1" name="com.hompepage.testCases.ValidateHomePageOptions" time="19.930" errors="0" timestamp="2023-05-19T13:42:37 IST" skipped="0">
  <testcase classname="com.hompepage.testCases.ValidateHomePageOptions" name="validateSearchBar" time="19.930"/>
  <system-out>
    <![CDATA[UserId enterend 9923252274 Successfully
Clicked on continue button
Password enterend Sanket@123 Successfully
Clicked on SignIn button
User Logged In successFully
Laptops entered in search bar
The result is dispalying for the searched category Laptops]]>
  </system-out>
</testsuite> <!-- com.hompepage.testCases.ValidateHomePageOptions -->
